<?xml version="1.0" encoding="UTF-8"?>
<!-- Generated by org.testng.reporters.JUnitReportReporter -->
<testsuite hostname="SVRODK00078" name="ro.sv.automation.AutomationProject.HomePageTest" tests="3" failures="0" timestamp="2 Aug 2018 12:38:14 GMT" time="1.322" errors="0">
  <testcase name="checkTextforP1" time="0.063" classname="ro.sv.automation.AutomationProject.HomePageTest"/>
  <testcase name="checkTextforP2" time="0.054" classname="ro.sv.automation.AutomationProject.HomePageTest"/>
  <testcase name="check" time="1.205" classname="ro.sv.automation.AutomationProject.HomePageTest"/>
</testsuite> <!-- ro.sv.automation.AutomationProject.HomePageTest -->
